root
 |-- sepal_length: float (nullable = true)
 |-- sepal_width: float (nullable = true)
 |-- petal_length: float (nullable = true)
 |-- petal_width: float (nullable = true)
 |-- species: string (nullable = true)

+------------+-----------+------------+-----------+-------+
|sepal_length|sepal_width|petal_length|petal_width|species|
+------------+-----------+------------+-----------+-------+
|         5.1|        3.5|         1.4|        0.2| setosa|
|         4.9|        3.0|         1.4|        0.2| setosa|
|         4.7|        3.2|         1.3|        0.2| setosa|
|         4.6|        3.1|         1.5|        0.2| setosa|
|         5.0|        3.6|         1.4|        0.2| setosa|
+------------+-----------+------------+-----------+-------+
only showing top 5 rows

col: sepal_length
+-------+------------------+
|summary|      sepal_length|
+-------+------------------+
|  count|               150|
|   mean| 5.843333326975505|
| stddev|0.8280661128539085|
|    min|               4.3|
|    max|               7.9|
+-------+------------------+

col: sepal_width
+-------+-------------------+
|summary|        sepal_width|
+-------+-------------------+
|  count|                150|
|   mean| 3.0540000025431313|
| stddev|0.43359431104332985|
|    min|                2.0|
|    max|                4.4|
+-------+-------------------+

col: petal_length
+-------+------------------+
|summary|      petal_length|
+-------+------------------+
|  count|               150|
|   mean|3.7586666552225747|
| stddev|1.7644204144315179|
|    min|               1.0|
|    max|               6.9|
+-------+------------------+

col: petal_width
+-------+------------------+
|summary|       petal_width|
+-------+------------------+
|  count|               150|
|   mean| 1.198666658103466|
| stddev|0.7631607319020202|
|    min|               0.1|
|    max|               2.5|
+-------+------------------+

col: species
+----------+-----+
|   species|count|
+----------+-----+
| virginica|   50|
|versicolor|   50|
|    setosa|   50|
+----------+-----+

root
 |-- sepal_length: float (nullable = true)
 |-- sepal_width: float (nullable = true)
 |-- petal_length: float (nullable = true)
 |-- petal_width: float (nullable = true)
 |-- species: string (nullable = true)

+------------+-----------+------------+-----------+-------+
|sepal_length|sepal_width|petal_length|petal_width|species|
+------------+-----------+------------+-----------+-------+
|         5.1|        3.5|         1.4|        0.2| setosa|
|         4.9|        3.0|         1.4|        0.2| setosa|
|         4.7|        3.2|         1.3|        0.2| setosa|
|         4.6|        3.1|         1.5|        0.2| setosa|
|         5.0|        3.6|         1.4|        0.2| setosa|
|         5.4|        3.9|         1.7|        0.4| setosa|
|         4.6|        3.4|         1.4|        0.3| setosa|
|         5.0|        3.4|         1.5|        0.2| setosa|
|         4.4|        2.9|         1.4|        0.2| setosa|
|         4.9|        3.1|         1.5|        0.1| setosa|
|         5.4|        3.7|         1.5|        0.2| setosa|
|         4.8|        3.4|         1.6|        0.2| setosa|
|         4.8|        3.0|         1.4|        0.1| setosa|
|         4.3|        3.0|         1.1|        0.1| setosa|
|         5.8|        4.0|         1.2|        0.2| setosa|
|         5.7|        4.4|         1.5|        0.4| setosa|
|         5.4|        3.9|         1.3|        0.4| setosa|
|         5.1|        3.5|         1.4|        0.3| setosa|
|         5.7|        3.8|         1.7|        0.3| setosa|
|         5.1|        3.8|         1.5|        0.3| setosa|
+------------+-----------+------------+-----------+-------+
only showing top 20 rows

Logistic Regression
	 Best regParam (lambda): 0.00
	 Best elasticNetparam (alpha): 0.00
	 accuracy: 1.000
	 weightedRecall: 1.000
	 weightedPrecision: 1.000
Decision Tree
	 Best maxDepth: 5
	 Best maxBins: 32
	 accuracy: 0.957
	 weightedRecall: 0.957
	 weightedPrecision: 0.957
Random Forest
	 Best maxDepth: 5
	 Best numTrees: 10
	 accuracy: 0.979
	 weightedRecall: 0.979
	 weightedPrecision: 0.980
One vs Rest
	 accuracy: 0.979
	 weightedRecall: 0.979
	 weightedPrecision: 0.980
Naive Bayes
	 Best smoothing: 2.0
	 accuracy: 0.957
	 weightedRecall: 0.957
	 weightedPrecision: 0.957
